# JRE version: OpenJDK Runtime Environment Temurin-21.0.11+10 (21.0.11+10) (build 21.0.11+10-LTS)
# Java VM: OpenJDK 64-Bit Server VM Temurin-21.0.11+10 (21.0.11+10-LTS, mixed mode, sharing, tiered, compressed oops, compressed class ptrs, g1 gc, windows-amd64)
GC Precious Log:
 CardTable entry size: 512
 Card Set container configuration: InlinePtr #cards 5 size 8 Array Of Cards #cards 12 size 40 Howl #buckets 4 coarsen threshold 1843 Howl Bitmap #cards 512 size 80 coarsen threshold 460 Card regions per heap region 1 cards per card region 2048
 CPUs: 4 total, 4 available
 Memory: 8023M
 Large Page Support: Disabled
 NUMA Support: Disabled
 Compressed Oops: Enabled (32-bit)
 Heap Region Size: 1M
 Heap Min Capacity: 8M
 Heap Initial Capacity: 126M
 Heap Max Capacity: 2G
 Pre-touch: Disabled
 Parallel Workers: 4
 Concurrent Workers: 1
 Concurrent Refinement Workers: 4
 Periodic GC: Disabled
Heap:
 garbage-first heap   total 129024K, used 80603K [0x0000000080000000, 0x0000000100000000)
  region size 1024K, 4 young (4096K), 3 survivors (3072K)
 Metaspace       used 81472K, committed 83712K, reserved 557056K
  class space    used 11698K, committed 12800K, reserved 425984K
GC Heap History (20 events):
Event: 23.485 GC heap before
{Heap before GC invocations=24 (full 0):
 garbage-first heap   total 96256K, used 86232K [0x0000000080000000, 0x0000000100000000)
  region size 1024K, 25 young (25600K), 2 survivors (2048K)
 Metaspace       used 63895K, committed 65792K, reserved 491520K
  class space    used 9203K, committed 10112K, reserved 425984K
}
Event: 23.489 GC heap after
{Heap after GC invocations=25 (full 0):
 garbage-first heap   total 115712K, used 63690K [0x0000000080000000, 0x0000000100000000)
  region size 1024K, 3 young (3072K), 3 survivors (3072K)
 Metaspace       used 63895K, committed 65792K, reserved 491520K
  class space    used 9203K, committed 10112K, reserved 425984K
}
Event: 24.528 GC heap before
{Heap before GC invocations=26 (full 0):
 garbage-first heap   total 115712K, used 97482K [0x0000000080000000, 0x0000000100000000)
  region size 1024K, 37 young (37888K), 3 survivors (3072K)
 Metaspace       used 66811K, committed 68800K, reserved 491520K
  class space    used 9665K, committed 10624K, reserved 425984K
}
Event: 24.534 GC heap after
{Heap after GC invocations=27 (full 0):
 garbage-first heap   total 115712K, used 64821K [0x0000000080000000, 0x0000000100000000)
  region size 1024K, 4 young (4096K), 4 survivors (4096K)
 Metaspace       used 66811K, committed 68800K, reserved 491520K
  class space    used 9665K, committed 10624K, reserved 425984K
}
Event: 26.573 GC heap before
{Heap before GC invocations=27 (full 0):
 garbage-first heap   total 115712K, used 100661K [0x0000000080000000, 0x0000000100000000)
  region size 1024K, 39 young (39936K), 4 survivors (4096K)
 Metaspace       used 69134K, committed 71168K, reserved 491520K
  class space    used 10012K, committed 11008K, reserved 425984K
}
Event: 26.580 GC heap after
{Heap after GC invocations=28 (full 0):
 garbage-first heap   total 115712K, used 64927K [0x0000000080000000, 0x0000000100000000)
  region size 1024K, 4 young (4096K), 4 survivors (4096K)
 Metaspace       used 69134K, committed 71168K, reserved 491520K
  class space    used 10012K, committed 11008K, reserved 425984K
}
Event: 27.763 GC heap before
{Heap before GC invocations=28 (full 0):
 garbage-first heap   total 115712K, used 101791K [0x0000000080000000, 0x0000000100000000)
  region size 1024K, 40 young (40960K), 4 survivors (4096K)
 Metaspace       used 70615K, committed 72704K, reserved 491520K
  class space    used 10241K, committed 11264K, reserved 425984K
}
Event: 27.772 GC heap after
{Heap after GC invocations=29 (full 0):
 garbage-first heap   total 115712K, used 68875K [0x0000000080000000, 0x0000000100000000)
  region size 1024K, 5 young (5120K), 5 survivors (5120K)
 Metaspace       used 70615K, committed 72704K, reserved 491520K
  class space    used 10241K, committed 11264K, reserved 425984K
}
Event: 29.317 GC heap before
{Heap before GC invocations=30 (full 0):
 garbage-first heap   total 116736K, used 102667K [0x0000000080000000, 0x0000000100000000)
  region size 1024K, 38 young (38912K), 5 survivors (5120K)
 Metaspace       used 71526K, committed 73664K, reserved 491520K
  class space    used 10308K, committed 11328K, reserved 425984K
}
Event: 29.331 GC heap after
{Heap after GC invocations=31 (full 0):
 garbage-first heap   total 116736K, used 72244K [0x0000000080000000, 0x0000000100000000)
  region size 1024K, 5 young (5120K), 5 survivors (5120K)
 Metaspace       used 71526K, committed 73664K, reserved 491520K
  class space    used 10308K, committed 11328K, reserved 425984K
}
Event: 30.820 GC heap before
{Heap before GC invocations=31 (full 0):
 garbage-first heap   total 116736K, used 103988K [0x0000000080000000, 0x0000000100000000)
  region size 1024K, 36 young (36864K), 5 survivors (5120K)
 Metaspace       used 74285K, committed 76416K, reserved 491520K
  class space    used 10671K, committed 11712K, reserved 425984K
}
Event: 30.828 GC heap after
{Heap after GC invocations=32 (full 0):
 garbage-first heap   total 116736K, used 72087K [0x0000000080000000, 0x0000000100000000)
  region size 1024K, 2 young (2048K), 2 survivors (2048K)
 Metaspace       used 74285K, committed 76416K, reserved 491520K
  class space    used 10671K, committed 11712K, reserved 425984K
}
Event: 31.723 GC heap before
{Heap before GC invocations=32 (full 0):
 garbage-first heap   total 116736K, used 104855K [0x0000000080000000, 0x0000000100000000)
  region size 1024K, 34 young (34816K), 2 survivors (2048K)
 Metaspace       used 76558K, committed 78656K, reserved 557056K
  class space    used 10999K, committed 12032K, reserved 425984K
}
Event: 31.728 GC heap after
{Heap after GC invocations=33 (full 0):
 garbage-first heap   total 116736K, used 74835K [0x0000000080000000, 0x0000000100000000)
  region size 1024K, 5 young (5120K), 5 survivors (5120K)
 Metaspace       used 76558K, committed 78656K, reserved 557056K
  class space    used 10999K, committed 12032K, reserved 425984K
}
Event: 32.981 GC heap before
{Heap before GC invocations=34 (full 0):
 garbage-first heap   total 126976K, used 105555K [0x0000000080000000, 0x0000000100000000)
  region size 1024K, 35 young (35840K), 5 survivors (5120K)
 Metaspace       used 78152K, committed 80384K, reserved 557056K
  class space    used 11226K, committed 12352K, reserved 425984K
}
Event: 32.989 GC heap after
{Heap after GC invocations=35 (full 0):
 garbage-first heap   total 126976K, used 77344K [0x0000000080000000, 0x0000000100000000)
  region size 1024K, 5 young (5120K), 5 survivors (5120K)
 Metaspace       used 78152K, committed 80384K, reserved 557056K
  class space    used 11226K, committed 12352K, reserved 425984K
}
Event: 34.842 GC heap before
{Heap before GC invocations=35 (full 0):
 garbage-first heap   total 126976K, used 112160K [0x0000000080000000, 0x0000000100000000)
  region size 1024K, 39 young (39936K), 5 survivors (5120K)
 Metaspace       used 78821K, committed 81024K, reserved 557056K
  class space    used 11302K, committed 12416K, reserved 425984K
}
Event: 34.855 GC heap after
{Heap after GC invocations=36 (full 0):
 garbage-first heap   total 126976K, used 77686K [0x0000000080000000, 0x0000000100000000)
  region size 1024K, 5 young (5120K), 5 survivors (5120K)
 Metaspace       used 78821K, committed 81024K, reserved 557056K
  class space    used 11302K, committed 12416K, reserved 425984K
}
Event: 35.817 GC heap before
{Heap before GC invocations=36 (full 0):
 garbage-first heap   total 126976K, used 111478K [0x0000000080000000, 0x0000000100000000)
  region size 1024K, 39 young (39936K), 5 survivors (5120K)
 Metaspace       used 81443K, committed 83712K, reserved 557056K
  class space    used 11691K, committed 12800K, reserved 425984K
}
Event: 35.827 GC heap after
{Heap after GC invocations=37 (full 0):
 garbage-first heap   total 126976K, used 80603K [0x0000000080000000, 0x0000000100000000)
  region size 1024K, 3 young (3072K), 3 survivors (3072K)
 Metaspace       used 81443K, committed 83712K, reserved 557056K
  class space    used 11691K, committed 12800K, reserved 425984K
}

